<?xml version="1.0" encoding="UTF-8" ?>
<testsuite tests="8" failures="0" name="TestClass" time="0.503" errors="0" skipped="0">
  <properties>
[...]
</properties>
  <testcase classname="TestClass" name="testAddStudent4" time="0.456"/>
  <testcase classname="TestClass" name="testAddStudent3" time="0"/>
  <testcase classname="TestClass" name="testAddAssignment1" time="0.015"/>
  <testcase classname="TestClass" name="testAddStudent5" time="0.022"/>
  <testcase classname="TestClass" name="testAddStudent1" time="0"/>
  <testcase classname="TestClass" name="testAddStudent2" time="0"/>
  <testcase classname="TestClass" name="testAddStudent6" time="0.009"/>
  <testcase classname="TestClass" name="testAddAssignment2" time="0.001"/>
</testsuite>